[11:28:05] [main/INFO]: Loading tweak class name org.tlauncher.tweaker.Tweaker
[11:28:05] [main/INFO]: Using primary tweak class name org.tlauncher.tweaker.Tweaker
[11:28:05] [main/INFO]: Calling tweak class org.tlauncher.tweaker.Tweaker
[11:28:07] [main/INFO]: Launching wrapped minecraft [net.minecraft.client.main.Main]
[11:28:08] [pool-3-thread-1/INFO]: check internet connection https://auth.tlauncher.org/skin/api/check.bin timeout 1500 ms
[11:28:11] [pool-3-thread-1/INFO]: check internet connection https://auth.tlauncher.org/skin/api/check.bin timeout 4500 ms
[11:28:13] [pool-3-thread-1/INFO]: passed auth.tlauncher.org within 4887 ms
[11:28:32] [Datafixer Bootstrap/INFO]: 243 Datafixer optimizations took 18497 milliseconds
[11:29:03] [Render thread/INFO]: Environment: Environment[sessionHost=https://sessionserver.mojang.com, servicesHost=https://api.minecraftservices.com, name=PROD]
[11:29:03] [Render thread/INFO]: Setting user: WW_DJY
[11:29:04] [Render thread/INFO]: Backend library: LWJGL version 3.3.3+5
[11:30:14] [Render thread/INFO]: Reloading ResourceManager: vanilla
[11:30:16] [Worker-Main-1/INFO]: Found unifont_all_no_pua-16.0.01.hex, loading
[11:30:17] [Worker-Main-1/INFO]: Found unifont_jp_patch-16.0.01.hex, loading
[11:30:53] [Render thread/INFO]: OpenAL initialized on device OpenAL Soft on Haut-parleurs (2- High Definition Audio Device)
[11:30:53] [Render thread/INFO]: Sound engine started
[11:30:54] [Render thread/INFO]: Created: 1024x512x4 minecraft:textures/atlas/blocks.png-atlas
[11:31:01] [Render thread/INFO]: Created: 256x256x4 minecraft:textures/atlas/signs.png-atlas
[11:31:01] [Render thread/INFO]: Created: 512x512x4 minecraft:textures/atlas/shield_patterns.png-atlas
[11:31:01] [Render thread/INFO]: Created: 512x512x4 minecraft:textures/atlas/banner_patterns.png-atlas
[11:31:01] [Render thread/INFO]: Created: 2048x1024x4 minecraft:textures/atlas/armor_trims.png-atlas
[11:31:03] [Render thread/INFO]: Created: 128x64x4 minecraft:textures/atlas/decorated_pot.png-atlas
[11:31:03] [Render thread/INFO]: Created: 256x256x4 minecraft:textures/atlas/chest.png-atlas
[11:31:03] [Render thread/INFO]: Created: 512x256x4 minecraft:textures/atlas/shulker_boxes.png-atlas
[11:31:03] [Render thread/INFO]: Created: 512x256x4 minecraft:textures/atlas/beds.png-atlas
[11:31:03] [Render thread/INFO]: Created: 64x64x0 minecraft:textures/atlas/map_decorations.png-atlas
[11:31:25] [Render thread/INFO]: Created: 512x256x0 minecraft:textures/atlas/particles.png-atlas
[11:31:29] [Render thread/INFO]: Created: 512x256x0 minecraft:textures/atlas/paintings.png-atlas
[11:31:30] [Render thread/INFO]: Created: 256x128x0 minecraft:textures/atlas/mob_effects.png-atlas
[11:31:31] [Render thread/INFO]: Created: 1024x512x0 minecraft:textures/atlas/gui.png-atlas
[11:32:18] [Render thread/INFO]: Loaded 1370 recipes
[11:32:18] [Render thread/INFO]: Loaded 1481 advancements
[11:32:54] [Server thread/INFO]: Starting integrated minecraft server version 1.21.4
[11:32:54] [Server thread/INFO]: Generating keypair
[11:33:14] [Server thread/INFO]: Preparing start region for dimension minecraft:overworld
[11:33:14] [Render thread/INFO]: Préparation de la zone d'apparition : 2 %
[11:33:15] [Render thread/INFO]: Préparation de la zone d'apparition : 2 %
[11:33:15] [Render thread/INFO]: Préparation de la zone d'apparition : 46 %
[11:33:21] [Render thread/INFO]: Time elapsed: 6579 ms
[11:33:21] [Server thread/INFO]: Changing view distance to 12, from 10
[11:33:21] [Server thread/INFO]: Changing simulation distance to 12, from 0
[11:33:31] [Server thread/INFO]: WW_DJY[local:E:c703cc64] logged in with entity id 1 at (2.5, -60.0, -3.5)
[11:33:31] [Server thread/INFO]: WW_DJY a rejoint la partie
[11:33:34] [Server thread/WARN]: Can't keep up! Is the server overloaded? Running 4343ms or 86 ticks behind
[11:33:36] [Render thread/INFO]: Loaded 2 advancements
[11:33:44] [Render thread/INFO]: textures 'cape_test_272' was added, skin: false,cape: true, max waiting: 969 ,during : 335183 
[11:33:44] [Render thread/INFO]: calculated cape performance:TEXTURE_136, middle time: 320.3333333333333
[11:33:58] [Server thread/WARN]: Can't keep up! Is the server overloaded? Running 6481ms or 129 ticks behind
[11:34:14] [Render thread/INFO]: textures 'elitra_test_272' was added, skin: false,cape: true, max waiting: 684 ,during : 365202 
[11:34:14] [Render thread/INFO]: can use texture size:TEXTURE_136, middle time: 201.8
[11:34:27] [Server thread/WARN]: Can't keep up! Is the server overloaded? Running 11817ms or 236 ticks behind
[11:34:36] [Server thread/INFO]: Saving and pausing game...
[11:34:40] [Server thread/INFO]: Saving chunks for level 'ServerLevel[Nouveau monde]'/minecraft:overworld
[11:34:42] [Server thread/INFO]: Saving chunks for level 'ServerLevel[Nouveau monde]'/minecraft:the_end
[11:34:42] [Server thread/INFO]: Saving chunks for level 'ServerLevel[Nouveau monde]'/minecraft:the_nether
[11:34:45] [Render thread/INFO]: Stopping!
[11:34:57] [Server thread/INFO]: WW_DJY lost connection: Déconnecté(e)
[11:34:57] [Server thread/INFO]: WW_DJY a quitté la partie
[11:34:57] [Server thread/INFO]: Stopping singleplayer server as player logged out
[11:34:57] [Server thread/INFO]: Stopping server
[11:34:57] [Server thread/INFO]: Saving players
[11:34:57] [Server thread/INFO]: Saving worlds
[11:34:59] [Server thread/INFO]: Saving chunks for level 'ServerLevel[Nouveau monde]'/minecraft:overworld
[11:38:23] [Server thread/INFO]: Saving chunks for level 'ServerLevel[Nouveau monde]'/minecraft:the_end
[11:38:23] [Server thread/INFO]: Saving chunks for level 'ServerLevel[Nouveau monde]'/minecraft:the_nether
[11:38:25] [Server thread/INFO]: ThreadedAnvilChunkStorage (Nouveau monde): All chunks are saved
[11:38:25] [Server thread/INFO]: ThreadedAnvilChunkStorage (DIM1): All chunks are saved
[11:38:25] [Server thread/INFO]: ThreadedAnvilChunkStorage (DIM-1): All chunks are saved
[11:38:25] [Server thread/INFO]: ThreadedAnvilChunkStorage: All dimensions are saved
