[15:36:24] [main/INFO]: Loading Minecraft 1.20.1 with Fabric Loader 0.17.3
[15:36:25] [main/INFO]: Loading 4 mods:
	- fabricloader 0.17.3
	   \-- mixinextras 0.5.0
	- java 17
	- minecraft 1.20.1
[15:36:25] [main/WARN]: Found 1 non-fabric mod:
	- jei-1.21.1-forge-19.25.1.332.jar
[15:36:25] [main/INFO]: SpongePowered MIXIN Subsystem Version=0.8.7 Source=file:/C:/Users/lubin/OneDrive/Bureau/Zendariom%20serveur/files/instances/zendariom/libraries/net/fabricmc/sponge-mixin/0.16.5+mixin.0.8.7/sponge-mixin-0.16.5+mixin.0.8.7.jar Service=Knot/Fabric Env=CLIENT
[15:36:42] [main/WARN]: Failed to add PDH Counter: \Paging File(_Total)\% Usage, Error code: 0xC0000BB8
[15:36:42] [main/WARN]: Failed to add counter for PDH counter: \Paging File(_Total)\% Usage
[15:36:42] [main/WARN]: Disabling further attempts to query Paging File.
[15:36:46] [main/WARN]: COM exception: Invalid Query: SELECT PERCENTUSAGE FROM Win32_PerfRawData_PerfOS_PagingFile
[15:37:02] [Datafixer Bootstrap/INFO]: 188 Datafixer optimizations took 457 milliseconds
[15:37:11] [Render thread/INFO]: Environment: authHost='https://authserver.ely.by/auth', accountsHost='https://account.ely.by/api/mojang', sessionHost='https://account.ely.by/api/authlib-injector/sessionserver', servicesHost='https://account.ely.by/api/mojang/services', name='ELY'
[15:37:11] [Render thread/INFO]: Setting user: jjjjjjj
[15:37:12] [Render thread/INFO]: Backend library: LWJGL version 3.3.1 SNAPSHOT
[15:37:25] [Render thread/INFO]: Reloading ResourceManager: vanilla
[15:37:26] [Worker-Main-1/INFO]: Found unifont_all_no_pua-15.0.06.hex, loading
[15:37:30] [Realms Notification Availability checker #1/INFO]: Could not authorize you against Realms server: java.lang.RuntimeException: Failed to parse into SignedJWT: 102a20dda43d323298400a4e07ee2826
[15:37:34] [Render thread/WARN]: Missing sound for event: minecraft:item.goat_horn.play
[15:37:34] [Render thread/WARN]: Missing sound for event: minecraft:entity.goat.screaming.horn_break
[15:37:34] [Render thread/INFO]: OpenAL initialized on device OpenAL Soft on Haut-parleurs (2- High Definition Audio Device)
[15:37:34] [Render thread/INFO]: Sound engine started
[15:37:34] [Render thread/INFO]: Created: 1024x512x4 minecraft:textures/atlas/blocks.png-atlas
[15:37:35] [Render thread/INFO]: Created: 256x256x4 minecraft:textures/atlas/signs.png-atlas
[15:37:35] [Render thread/INFO]: Created: 512x512x4 minecraft:textures/atlas/shield_patterns.png-atlas
[15:37:35] [Render thread/INFO]: Created: 512x512x4 minecraft:textures/atlas/banner_patterns.png-atlas
[15:37:35] [Render thread/INFO]: Created: 1024x1024x4 minecraft:textures/atlas/armor_trims.png-atlas
[15:37:36] [Render thread/INFO]: Created: 256x256x4 minecraft:textures/atlas/chest.png-atlas
[15:37:36] [Render thread/INFO]: Created: 128x64x4 minecraft:textures/atlas/decorated_pot.png-atlas
[15:37:36] [Render thread/INFO]: Created: 512x256x4 minecraft:textures/atlas/shulker_boxes.png-atlas
[15:37:36] [Render thread/INFO]: Created: 512x256x4 minecraft:textures/atlas/beds.png-atlas
[15:37:38] [Render thread/WARN]: Shader rendertype_entity_translucent_emissive could not find sampler named Sampler2 in the specified shader program.
[15:37:39] [Render thread/INFO]: Created: 256x256x0 minecraft:textures/atlas/particles.png-atlas
[15:37:40] [Render thread/INFO]: Created: 256x256x0 minecraft:textures/atlas/paintings.png-atlas
[15:37:40] [Render thread/INFO]: Created: 128x128x0 minecraft:textures/atlas/mob_effects.png-atlas
[15:38:33] [Render thread/INFO]: Loaded 7 recipes
[15:38:35] [Render thread/INFO]: Loaded 1271 advancements
[15:39:03] [Server thread/INFO]: Starting integrated minecraft server version 1.20.1
[15:39:03] [Server thread/INFO]: Generating keypair
[15:39:34] [Server thread/INFO]: Preparing start region for dimension minecraft:overworld
[15:39:37] [Render thread/INFO]: Preparing spawn area: 0%
[15:39:37] [Render thread/INFO]: Preparing spawn area: 0%
[15:39:37] [Render thread/INFO]: Preparing spawn area: 0%
[15:39:37] [Render thread/INFO]: Preparing spawn area: 0%
[15:39:37] [Render thread/INFO]: Preparing spawn area: 0%
[15:39:37] [Render thread/INFO]: Preparing spawn area: 0%
[15:39:37] [Render thread/INFO]: Preparing spawn area: 0%
[15:39:38] [Render thread/INFO]: Preparing spawn area: 0%
[15:39:39] [Render thread/INFO]: Preparing spawn area: 0%
[15:39:39] [Render thread/INFO]: Preparing spawn area: 0%
[15:39:59] [Render thread/INFO]: Preparing spawn area: 0%
[15:40:01] [Render thread/INFO]: Preparing spawn area: 0%
[15:40:01] [Render thread/INFO]: Preparing spawn area: 0%
[15:40:01] [Render thread/INFO]: Preparing spawn area: 0%
[15:40:01] [Render thread/INFO]: Preparing spawn area: 0%
[15:40:01] [Render thread/INFO]: Preparing spawn area: 0%
[15:40:01] [Render thread/INFO]: Preparing spawn area: 0%
[15:40:01] [Render thread/INFO]: Preparing spawn area: 0%
[15:40:01] [Render thread/INFO]: Preparing spawn area: 0%
[15:40:01] [Render thread/INFO]: Preparing spawn area: 0%
[15:40:01] [Render thread/INFO]: Preparing spawn area: 0%
[15:40:01] [Render thread/INFO]: Preparing spawn area: 0%
[15:40:01] [Render thread/INFO]: Preparing spawn area: 0%
[15:40:01] [Render thread/INFO]: Preparing spawn area: 0%
[15:40:01] [Render thread/INFO]: Preparing spawn area: 0%
[15:40:01] [Render thread/INFO]: Preparing spawn area: 0%
[15:40:01] [Render thread/INFO]: Preparing spawn area: 0%
[15:40:01] [Render thread/INFO]: Preparing spawn area: 0%
[15:40:01] [Render thread/INFO]: Preparing spawn area: 0%
[15:40:01] [Render thread/INFO]: Preparing spawn area: 0%
[15:40:01] [Render thread/INFO]: Preparing spawn area: 0%
[15:40:01] [Render thread/INFO]: Preparing spawn area: 0%
[15:40:01] [Render thread/INFO]: Preparing spawn area: 0%
[15:40:01] [Render thread/INFO]: Preparing spawn area: 0%
[15:40:01] [Render thread/INFO]: Preparing spawn area: 0%
[15:40:01] [Render thread/INFO]: Preparing spawn area: 0%
[15:40:01] [Render thread/INFO]: Preparing spawn area: 0%
[15:40:01] [Render thread/INFO]: Preparing spawn area: 0%
[15:40:01] [Render thread/INFO]: Preparing spawn area: 0%
[15:40:01] [Render thread/INFO]: Preparing spawn area: 0%
[15:40:01] [Render thread/INFO]: Preparing spawn area: 0%
[15:40:01] [Render thread/INFO]: Preparing spawn area: 0%
[15:40:01] [Render thread/INFO]: Preparing spawn area: 0%
[15:40:01] [Render thread/INFO]: Preparing spawn area: 0%
[15:40:01] [Render thread/INFO]: Preparing spawn area: 0%
[15:40:13] [Render thread/INFO]: Preparing spawn area: 0%
[15:40:13] [Render thread/INFO]: Preparing spawn area: 0%
[15:40:13] [Render thread/INFO]: Preparing spawn area: 0%
[15:40:13] [Render thread/INFO]: Preparing spawn area: 0%
[15:40:13] [Render thread/INFO]: Preparing spawn area: 0%
[15:40:13] [Render thread/INFO]: Preparing spawn area: 0%
[15:40:13] [Render thread/INFO]: Preparing spawn area: 0%
[15:40:13] [Render thread/INFO]: Preparing spawn area: 0%
[15:40:13] [Render thread/INFO]: Preparing spawn area: 0%
[15:40:13] [Render thread/INFO]: Preparing spawn area: 0%
[15:40:13] [Render thread/INFO]: Preparing spawn area: 0%
[15:40:13] [Render thread/INFO]: Preparing spawn area: 0%
[15:40:13] [Render thread/INFO]: Preparing spawn area: 0%
[15:40:13] [Render thread/INFO]: Preparing spawn area: 0%
[15:40:13] [Render thread/INFO]: Preparing spawn area: 0%
[15:40:13] [Render thread/INFO]: Preparing spawn area: 0%
[15:40:13] [Render thread/INFO]: Preparing spawn area: 0%
[15:40:13] [Render thread/INFO]: Preparing spawn area: 0%
[15:40:13] [Render thread/INFO]: Preparing spawn area: 0%
[15:40:13] [Render thread/INFO]: Preparing spawn area: 0%
[15:40:13] [Render thread/INFO]: Preparing spawn area: 0%
[15:40:13] [Render thread/INFO]: Preparing spawn area: 0%
[15:40:13] [Render thread/INFO]: Preparing spawn area: 0%
[15:40:13] [Render thread/INFO]: Preparing spawn area: 0%
[15:40:13] [Render thread/INFO]: Preparing spawn area: 0%
[15:40:13] [Render thread/INFO]: Preparing spawn area: 0%
[15:40:13] [Render thread/INFO]: Preparing spawn area: 0%
[15:40:13] [Render thread/INFO]: Preparing spawn area: 0%
[15:40:13] [Render thread/INFO]: Preparing spawn area: 0%
[15:40:13] [Render thread/INFO]: Preparing spawn area: 0%
[15:40:13] [Render thread/INFO]: Preparing spawn area: 0%
[15:40:13] [Render thread/INFO]: Preparing spawn area: 0%
[15:40:13] [Render thread/INFO]: Preparing spawn area: 0%
[15:40:14] [Render thread/INFO]: Preparing spawn area: 3%
[15:40:14] [Render thread/INFO]: Preparing spawn area: 3%
[15:40:14] [Render thread/INFO]: Preparing spawn area: 3%
[15:40:15] [Render thread/INFO]: Preparing spawn area: 4%
[15:40:15] [Render thread/INFO]: Preparing spawn area: 4%
[15:40:16] [Render thread/INFO]: Preparing spawn area: 5%
[15:40:16] [Render thread/INFO]: Preparing spawn area: 6%
[15:40:17] [Render thread/INFO]: Preparing spawn area: 7%
[15:40:17] [Render thread/INFO]: Preparing spawn area: 7%
[15:40:18] [Render thread/INFO]: Preparing spawn area: 9%
[15:40:19] [Render thread/INFO]: Preparing spawn area: 9%
[15:40:19] [Render thread/INFO]: Preparing spawn area: 9%
[15:40:19] [Render thread/INFO]: Preparing spawn area: 9%
[15:40:20] [Render thread/INFO]: Preparing spawn area: 9%
[15:40:20] [Render thread/INFO]: Preparing spawn area: 10%
[15:40:21] [Render thread/INFO]: Preparing spawn area: 11%
[15:40:21] [Render thread/INFO]: Preparing spawn area: 12%
[15:40:22] [Render thread/INFO]: Preparing spawn area: 13%
[15:40:22] [Render thread/INFO]: Preparing spawn area: 14%
[15:40:23] [Render thread/INFO]: Preparing spawn area: 15%
[15:40:23] [Render thread/INFO]: Preparing spawn area: 15%
[15:40:24] [Render thread/INFO]: Preparing spawn area: 15%
[15:40:24] [Render thread/INFO]: Preparing spawn area: 16%
[15:40:25] [Render thread/INFO]: Preparing spawn area: 16%
[15:40:25] [Render thread/INFO]: Preparing spawn area: 16%
[15:40:26] [Render thread/INFO]: Preparing spawn area: 17%
[15:40:27] [Render thread/INFO]: Preparing spawn area: 17%
[15:40:27] [Render thread/INFO]: Preparing spawn area: 17%
[15:40:44] [Render thread/INFO]: Preparing spawn area: 18%
[15:40:45] [Render thread/INFO]: Preparing spawn area: 18%
[15:40:45] [Render thread/INFO]: Preparing spawn area: 18%
[15:40:45] [Render thread/INFO]: Preparing spawn area: 18%
[15:40:45] [Render thread/INFO]: Preparing spawn area: 18%
[15:40:45] [Render thread/INFO]: Preparing spawn area: 18%
[15:40:45] [Render thread/INFO]: Preparing spawn area: 19%
[15:40:45] [Render thread/INFO]: Preparing spawn area: 19%
[15:40:45] [Render thread/INFO]: Preparing spawn area: 19%
[15:40:45] [Render thread/INFO]: Preparing spawn area: 19%
[15:40:45] [Render thread/INFO]: Preparing spawn area: 19%
[15:40:45] [Render thread/INFO]: Preparing spawn area: 19%
[15:40:45] [Render thread/INFO]: Preparing spawn area: 19%
[15:40:45] [Render thread/INFO]: Preparing spawn area: 19%
[15:40:45] [Render thread/INFO]: Preparing spawn area: 19%
[15:40:45] [Render thread/INFO]: Preparing spawn area: 19%
[15:40:45] [Render thread/INFO]: Preparing spawn area: 19%
[15:40:45] [Render thread/INFO]: Preparing spawn area: 19%
[15:40:45] [Render thread/INFO]: Preparing spawn area: 19%
[15:40:45] [Render thread/INFO]: Preparing spawn area: 19%
[15:40:45] [Render thread/INFO]: Preparing spawn area: 19%
[15:40:45] [Render thread/INFO]: Preparing spawn area: 19%
[15:40:45] [Render thread/INFO]: Preparing spawn area: 19%
[15:40:45] [Render thread/INFO]: Preparing spawn area: 19%
[15:40:45] [Render thread/INFO]: Preparing spawn area: 19%
[15:40:45] [Render thread/INFO]: Preparing spawn area: 19%
[15:40:45] [Render thread/INFO]: Preparing spawn area: 19%
[15:40:45] [Render thread/INFO]: Preparing spawn area: 19%
[15:40:45] [Render thread/INFO]: Preparing spawn area: 19%
[15:40:45] [Render thread/INFO]: Preparing spawn area: 19%
[15:40:45] [Render thread/INFO]: Preparing spawn area: 19%
[15:40:45] [Render thread/INFO]: Preparing spawn area: 19%
[15:40:45] [Render thread/INFO]: Preparing spawn area: 19%
[15:40:45] [Render thread/INFO]: Preparing spawn area: 19%
[15:40:45] [Render thread/INFO]: Preparing spawn area: 19%
[15:40:45] [Render thread/INFO]: Preparing spawn area: 19%
[15:40:45] [Render thread/INFO]: Preparing spawn area: 19%
[15:41:00] [Render thread/INFO]: Preparing spawn area: 20%
[15:41:00] [Render thread/INFO]: Preparing spawn area: 20%
[15:41:00] [Render thread/INFO]: Preparing spawn area: 20%
[15:41:00] [Render thread/INFO]: Preparing spawn area: 20%
[15:41:00] [Render thread/INFO]: Preparing spawn area: 20%
[15:41:00] [Render thread/INFO]: Preparing spawn area: 20%
[15:41:00] [Render thread/INFO]: Preparing spawn area: 20%
[15:41:00] [Render thread/INFO]: Preparing spawn area: 20%
[15:41:00] [Render thread/INFO]: Preparing spawn area: 20%
[15:41:00] [Render thread/INFO]: Preparing spawn area: 20%
[15:41:00] [Render thread/INFO]: Preparing spawn area: 20%
[15:41:00] [Render thread/INFO]: Preparing spawn area: 20%
[15:41:00] [Render thread/INFO]: Preparing spawn area: 20%
[15:41:00] [Render thread/INFO]: Preparing spawn area: 20%
[15:41:00] [Render thread/INFO]: Preparing spawn area: 20%
[15:41:00] [Render thread/INFO]: Preparing spawn area: 20%
[15:41:00] [Render thread/INFO]: Preparing spawn area: 20%
[15:41:00] [Render thread/INFO]: Preparing spawn area: 20%
[15:41:00] [Render thread/INFO]: Preparing spawn area: 20%
[15:41:00] [Render thread/INFO]: Preparing spawn area: 20%
[15:41:00] [Render thread/INFO]: Preparing spawn area: 20%
[15:41:00] [Render thread/INFO]: Preparing spawn area: 20%
[15:41:00] [Render thread/INFO]: Preparing spawn area: 20%
[15:41:00] [Render thread/INFO]: Preparing spawn area: 20%
[15:41:00] [Render thread/INFO]: Preparing spawn area: 20%
[15:41:00] [Render thread/INFO]: Preparing spawn area: 20%
[15:41:00] [Render thread/INFO]: Preparing spawn area: 20%
[15:41:00] [Render thread/INFO]: Preparing spawn area: 20%
[15:41:00] [Render thread/INFO]: Preparing spawn area: 20%
[15:41:00] [Render thread/INFO]: Preparing spawn area: 20%
[15:41:01] [Render thread/INFO]: Preparing spawn area: 28%
[15:41:01] [Render thread/INFO]: Preparing spawn area: 30%
[15:41:02] [Render thread/INFO]: Preparing spawn area: 31%
[15:41:02] [Render thread/INFO]: Preparing spawn area: 31%
[15:41:03] [Render thread/INFO]: Preparing spawn area: 33%
[15:41:03] [Render thread/INFO]: Preparing spawn area: 33%
[15:41:04] [Render thread/INFO]: Preparing spawn area: 35%
[15:41:04] [Render thread/INFO]: Preparing spawn area: 36%
[15:41:05] [Render thread/INFO]: Preparing spawn area: 37%
[15:41:05] [Render thread/INFO]: Preparing spawn area: 38%
[15:41:06] [Render thread/INFO]: Preparing spawn area: 40%
[15:41:06] [Render thread/INFO]: Preparing spawn area: 41%
[15:41:07] [Render thread/INFO]: Preparing spawn area: 42%
[15:41:07] [Render thread/INFO]: Preparing spawn area: 42%
[15:41:09] [Render thread/INFO]: Preparing spawn area: 42%
[15:41:09] [Render thread/INFO]: Preparing spawn area: 42%
[15:41:09] [Render thread/INFO]: Preparing spawn area: 42%
[15:41:09] [Render thread/INFO]: Preparing spawn area: 44%
[15:41:10] [Render thread/INFO]: Preparing spawn area: 44%
[15:41:10] [Render thread/INFO]: Preparing spawn area: 46%
[15:41:11] [Render thread/INFO]: Preparing spawn area: 46%
[15:41:11] [Render thread/INFO]: Preparing spawn area: 48%
[15:41:12] [Render thread/INFO]: Preparing spawn area: 48%
[15:41:12] [Render thread/INFO]: Preparing spawn area: 51%
[15:41:13] [Render thread/INFO]: Preparing spawn area: 52%
[15:41:13] [Render thread/INFO]: Preparing spawn area: 53%
[15:41:14] [Render thread/INFO]: Preparing spawn area: 54%
[15:41:14] [Render thread/INFO]: Preparing spawn area: 54%
[15:41:15] [Render thread/INFO]: Preparing spawn area: 55%
[15:41:15] [Render thread/INFO]: Preparing spawn area: 56%
[15:41:16] [Render thread/INFO]: Preparing spawn area: 57%
[15:41:16] [Render thread/INFO]: Preparing spawn area: 58%
[15:41:17] [Render thread/INFO]: Preparing spawn area: 59%
[15:41:17] [Render thread/INFO]: Preparing spawn area: 61%
[15:41:18] [Render thread/INFO]: Preparing spawn area: 62%
[15:41:18] [Render thread/INFO]: Preparing spawn area: 63%
[15:41:19] [Render thread/INFO]: Preparing spawn area: 64%
[15:41:19] [Render thread/INFO]: Preparing spawn area: 65%
[15:41:20] [Render thread/INFO]: Preparing spawn area: 66%
[15:41:20] [Render thread/INFO]: Preparing spawn area: 68%
[15:41:21] [Render thread/INFO]: Preparing spawn area: 68%
[15:41:21] [Render thread/INFO]: Preparing spawn area: 68%
[15:41:22] [Render thread/INFO]: Preparing spawn area: 69%
[15:41:22] [Render thread/INFO]: Preparing spawn area: 71%
[15:41:23] [Render thread/INFO]: Preparing spawn area: 72%
[15:41:23] [Render thread/INFO]: Preparing spawn area: 73%
[15:41:24] [Render thread/INFO]: Preparing spawn area: 75%
[15:41:24] [Render thread/INFO]: Preparing spawn area: 75%
[15:41:25] [Render thread/INFO]: Preparing spawn area: 77%
[15:41:25] [Render thread/INFO]: Preparing spawn area: 78%
[15:41:26] [Render thread/INFO]: Preparing spawn area: 80%
[15:41:26] [Render thread/INFO]: Preparing spawn area: 82%
[15:41:27] [Render thread/INFO]: Preparing spawn area: 82%
[15:41:27] [Render thread/INFO]: Preparing spawn area: 83%
[15:41:28] [Render thread/INFO]: Preparing spawn area: 84%
[15:41:28] [Render thread/INFO]: Preparing spawn area: 85%
[15:41:29] [Render thread/INFO]: Preparing spawn area: 86%
[15:41:29] [Render thread/INFO]: Preparing spawn area: 86%
[15:41:30] [Render thread/INFO]: Preparing spawn area: 87%
[15:41:30] [Render thread/INFO]: Preparing spawn area: 88%
[15:41:31] [Render thread/INFO]: Preparing spawn area: 88%
[15:41:31] [Render thread/INFO]: Preparing spawn area: 90%
[15:41:32] [Render thread/INFO]: Preparing spawn area: 91%
[15:41:32] [Render thread/INFO]: Preparing spawn area: 92%
[15:41:33] [Render thread/INFO]: Preparing spawn area: 93%
[15:41:33] [Render thread/INFO]: Preparing spawn area: 94%
[15:41:34] [Render thread/INFO]: Preparing spawn area: 96%
[15:41:34] [Render thread/INFO]: Preparing spawn area: 97%
[15:41:35] [Render thread/INFO]: Preparing spawn area: 98%
[15:41:35] [Render thread/INFO]: Time elapsed: 121098 ms
[15:41:39] [Server thread/INFO]: Changing view distance to 12, from 10
[15:41:39] [Server thread/INFO]: Changing simulation distance to 12, from 0
[15:41:39] [Server thread/WARN]: Can't keep up! Is the server overloaded? Running 3776ms or 75 ticks behind
[15:41:59] [Server thread/INFO]: jjjjjjj[local:E:1cb26047] logged in with entity id 439 at (8.5, 69.0, 4.5)
[15:42:01] [Server thread/INFO]: jjjjjjj joined the game
[15:42:02] [Server thread/WARN]: Can't keep up! Is the server overloaded? Running 4699ms or 93 ticks behind
[15:42:07] [Render thread/INFO]: Loaded 2 advancements
[15:42:20] [Server thread/WARN]: Can't keep up! Is the server overloaded? Running 2082ms or 41 ticks behind
[15:42:27] [Server thread/INFO]: Saving and pausing game...
[15:42:27] [Server thread/INFO]: Saving chunks for level 'ServerLevel[New World]'/minecraft:overworld
[15:42:29] [Server thread/INFO]: Saving chunks for level 'ServerLevel[New World]'/minecraft:the_end
[15:42:29] [Server thread/INFO]: Saving chunks for level 'ServerLevel[New World]'/minecraft:the_nether
[15:44:27] [Server thread/INFO]: Saving and pausing game...
[15:44:28] [Server thread/INFO]: Saving chunks for level 'ServerLevel[New World]'/minecraft:overworld
[15:44:28] [Server thread/INFO]: Saving chunks for level 'ServerLevel[New World]'/minecraft:the_end
[15:44:28] [Server thread/INFO]: Saving chunks for level 'ServerLevel[New World]'/minecraft:the_nether
[15:44:36] [Server thread/WARN]: Can't keep up! Is the server overloaded? Running 2056ms or 41 ticks behind
[15:44:45] [Render thread/INFO]: Stopping!
[15:45:10] [Server thread/INFO]: jjjjjjj lost connection: Disconnected
[15:45:10] [Server thread/INFO]: jjjjjjj left the game
[15:45:21] [Server thread/INFO]: Stopping singleplayer server as player logged out
[15:45:21] [Server thread/INFO]: Stopping server
[15:45:21] [Server thread/INFO]: Saving players
[15:45:21] [Server thread/INFO]: Saving worlds
[15:45:34] [Server thread/INFO]: Saving chunks for level 'ServerLevel[New World]'/minecraft:overworld
[15:50:11] [Server thread/INFO]: Saving chunks for level 'ServerLevel[New World]'/minecraft:the_end
[15:50:11] [Server thread/INFO]: Saving chunks for level 'ServerLevel[New World]'/minecraft:the_nether
[15:50:11] [Server thread/INFO]: ThreadedAnvilChunkStorage (New World): All chunks are saved
[15:50:11] [Server thread/INFO]: ThreadedAnvilChunkStorage (DIM1): All chunks are saved
[15:50:11] [Server thread/INFO]: ThreadedAnvilChunkStorage (DIM-1): All chunks are saved
[15:50:11] [Server thread/INFO]: ThreadedAnvilChunkStorage: All dimensions are saved
